<?xml version="1.0" encoding="UTF-8"?>
<testng-results ignored="0" total="1" passed="1" failed="0" skipped="0">
  <reporter-output>
  </reporter-output>
  <suite started-at="2021-06-08T22:02:18 IST" name="Default suite" finished-at="2021-06-08T22:02:44 IST" duration-ms="26041">
    <groups>
    </groups>
    <test started-at="2021-06-08T22:02:18 IST" name="Default test" finished-at="2021-06-08T22:02:44 IST" duration-ms="26041">
      <class name="com.cyient.test.SignupTest">
        <test-method is-config="true" signature="startUp()[pri:0, instance:com.cyient.test.SignupTest@e7edb54]" started-at="2021-06-08T22:02:18 IST" name="startUp" finished-at="2021-06-08T22:02:27 IST" duration-ms="9060" status="PASS">
          <reporter-output>
          </reporter-output>
        </test-method> <!-- startUp -->
        <test-method signature="signInTest()[pri:0, instance:com.cyient.test.SignupTest@e7edb54]" started-at="2021-06-08T22:02:27 IST" name="signInTest" finished-at="2021-06-08T22:02:44 IST" duration-ms="16914" status="PASS">
          <reporter-output>
          </reporter-output>
        </test-method> <!-- signInTest -->
        <test-method is-config="true" signature="tearDown()[pri:0, instance:com.cyient.test.SignupTest@e7edb54]" started-at="2021-06-08T22:02:44 IST" name="tearDown" finished-at="2021-06-08T22:02:44 IST" duration-ms="1" status="PASS">
          <reporter-output>
          </reporter-output>
        </test-method> <!-- tearDown -->
      </class> <!-- com.cyient.test.SignupTest -->
    </test> <!-- Default test -->
  </suite> <!-- Default suite -->
</testng-results>
